Removed node: 146.153.68.151
Changed direction of edge. Previous edge: (Firefox, home/admin/profile) --> New edge: (home/admin/profile, Firefox)
Changed direction of edge. Previous edge: (profile, profile2) --> New edge: (profile2, profile)
Removed edge: (profile2, profile)
Changed direction of edge. Previous edge: (/etc/passwd, clean) --> New edge: (clean, /etc/passwd)
Created a new edge: (mail,/var/log/xdev)
Changed direction of edge. Previous edge: (clean, /etc/passwd) --> New edge: (/etc/passwd, clean)
Changed direction of edge. Previous edge: (Firefox, /dev/glx_alsa_675) --> New edge: (/dev/glx_alsa_675, Firefox)
Created a new edge: (/var/log/mail,profile)
Created a new edge: (home/admin/clean,/bin/dash)
Created a new edge: (/etc/passwd,home/admin/profile)
Created a new node: 22 connected with Firefox
Changed direction of edge. Previous edge: (gtcache, /proc/*) --> New edge: (/proc/*, gtcache)
Changed direction of edge. Previous edge: (/etc/passwd, clean) --> New edge: (clean, /etc/passwd)
Changed direction of edge. Previous edge: (/proc/*, gtcache) --> New edge: (gtcache, /proc/*)
Removed edge: (Firefox, 104.228.117.212)
Removed node: profile
Changed direction of edge. Previous edge: (profile2, /var/log/xdev) --> New edge: (/var/log/xdev, profile2)
Created a new node: 23 connected with gtcache
Created a new edge: (clean,/var/log/xdev)
Created a new edge: (/proc/*,/tmp/memtrace.so)
Created a new edge: (gtcache,/bin/dash)
Removed node: /var/log/mail
Created a new edge: (149.52.198.23,/var/log/wdev)
Removed edge: (clean, home/admin/clean)
Changed direction of edge. Previous edge: (/dev/glx_alsa_675, Firefox) --> New edge: (Firefox, /dev/glx_alsa_675)
Created a new node: 24 connected with gtcache
Removed node: Firefox
Removed edge: (mail, 149.52.198.23)
Created a new edge: (141.43.176.203,mail)
Removed edge: (clean, /var/log/xdev)
Created a new node: 25 connected with 161.116.88.72
Created a new node: 26 connected with home/admin/profile
Changed direction of edge. Previous edge: (gtcache, /proc/*) --> New edge: (/proc/*, gtcache)
Removed edge: (mail, /var/log/xdev)
Created a new node: 27 connected with /proc/*
Removed node: /etc/passwd
Created a new node: 28 connected with 26
Changed direction of edge. Previous edge: (gtcache, /var/log/xdev) --> New edge: (/var/log/xdev, gtcache)
Changed direction of edge. Previous edge: (/var/log/xdev, profile2) --> New edge: (profile2, /var/log/xdev)
