Changed direction of edge. Previous edge: (Firefox, home/admin/profile) --> New edge: (home/admin/profile, Firefox)
Removed node: 161.116.88.72
Removed node: /bin/dash
Changed direction of edge. Previous edge: (gtcache, /proc/*) --> New edge: (/proc/*, gtcache)
Removed edge: (/proc/*, gtcache)
Changed direction of edge. Previous edge: (home/admin/profile, Firefox) --> New edge: (Firefox, home/admin/profile)
Created a new node: 21 connected with /var/log/wdev
Created a new node: 22 connected with Firefox
Created a new edge: (mail,/proc/*)
Removed node: 149.52.198.23
Created a new edge: (gtcache,141.43.176.203)
Removed node: home/admin/profile
Removed edge: (Firefox, 104.228.117.212)
Changed direction of edge. Previous edge: (mail, /proc/*) --> New edge: (/proc/*, mail)
Changed direction of edge. Previous edge: (Firefox, clean) --> New edge: (clean, Firefox)
Removed node: /tmp/memtrace.so
Created a new edge: (/var/log/wdev,mail)
Changed direction of edge. Previous edge: (clean, clean) --> New edge: (clean, clean)
Created a new edge: (/var/log/mail,profile2)
Removed node: 146.153.68.151
Created a new node: 19 connected with mail
Created a new edge: (/etc/passwd,/var/log/xdev)
Removed edge: (gtcache, /dev/glx_alsa_675)
Removed edge: (/var/log/wdev, mail)
Changed direction of edge. Previous edge: (gtcache, 127.0.0.1) --> New edge: (127.0.0.1, gtcache)
Created a new node: 20 connected with /var/log/mail
Changed direction of edge. Previous edge: (/var/log/mail, profile2) --> New edge: (profile2, /var/log/mail)
Created a new edge: (20,profile2)
Removed edge: (/etc/passwd, /var/log/xdev)
Removed node: 20
Removed node: /proc/*
Removed node: /var/log/xdev
Changed direction of edge. Previous edge: (profile, profile2) --> New edge: (profile2, profile)
Created a new edge: (profile,22)
Created a new edge: (profile2,/etc/passwd)
Created a new node: 18 connected with profile2
Removed edge: (mail, /var/log/mail)
Removed node: /etc/passwd
Created a new node: 20 connected with profile
Created a new node: 23 connected with 19
Removed node: /var/log/mail
Removed node: 141.43.176.203
Removed node: 18
Changed direction of edge. Previous edge: (mail, 19) --> New edge: (19, mail)
Changed direction of edge. Previous edge: (profile2, profile) --> New edge: (profile, profile2)
Removed edge: (clean, clean)
Created a new node: 17 connected with 23
Removed edge: (19, mail)
Removed edge: (gtcache, /var/log/wdev)
