Removed edge: (gtcache, /proc/*)
Created a new node: 23 connected with /var/log/xdev
Created a new edge: (149.52.198.23,home/admin/profile)
Created a new edge: (/etc/passwd,/dev/glx_alsa_675)
Created a new node: 24 connected with profile2
Removed edge: (profile2, /var/log/xdev)
Created a new edge: (/var/log/wdev,home/admin/profile)
Created a new edge: (24,/var/log/mail)
Created a new edge: (24,profile)
Removed edge: (Firefox, 104.228.117.212)
Created a new node: 25 connected with 104.228.117.212
Created a new node: 26 connected with /tmp/memtrace.so
Removed node: /var/log/xdev
Changed direction of edge. Previous edge: (clean, clean) --> New edge: (clean, clean)
Created a new node: 27 connected with 104.228.117.212
Created a new node: 28 connected with 27
Removed node: 127.0.0.1
Created a new edge: (/tmp/memtrace.so,25)
Removed node: mail
Removed node: home/admin/profile
Created a new edge: (profile2,Firefox)
Changed direction of edge. Previous edge: (gtcache, /var/log/wdev) --> New edge: (/var/log/wdev, gtcache)
Removed edge: (/etc/passwd, /dev/glx_alsa_675)
Created a new node: 29 connected with profile
Changed direction of edge. Previous edge: (Firefox, home/admin/clean) --> New edge: (home/admin/clean, Firefox)
Created a new node: 30 connected with /tmp/memtrace.so
Removed node: 23
