Changed direction of edge. Previous edge: (/etc/passwd, clean) --> New edge: (clean, /etc/passwd)
Created a new edge: (profile,/tmp/memtrace.so)
Removed edge: (profile, home/admin/profile)
Created a new node: 23 connected with home/admin/profile
Created a new edge: (gtcache,Firefox)
Removed node: /tmp/memtrace.so
Changed direction of edge. Previous edge: (gtcache, /proc/*) --> New edge: (/proc/*, gtcache)
Changed direction of edge. Previous edge: (profile, profile) --> New edge: (profile, profile)
Created a new edge: (clean,mail)
Created a new edge: (/var/log/mail,Firefox)
Created a new node: 24 connected with gtcache
Removed edge: (Firefox, clean)
Removed node: home/admin/clean
Created a new edge: (141.43.176.203,/proc/*)
Created a new node: 25 connected with /proc/*
Created a new node: 26 connected with 161.116.88.72
Created a new node: 27 connected with /dev/glx_alsa_675
Removed edge: (mail, /var/log/mail)
Removed edge: (profile2, /var/log/xdev)
Changed direction of edge. Previous edge: (Firefox, home/admin/profile) --> New edge: (home/admin/profile, Firefox)
Created a new node: 28 connected with gtcache
Removed edge: (home/admin/profile, Firefox)
Created a new edge: (27,profile)
Removed node: 23
Removed node: /var/log/xdev
Changed direction of edge. Previous edge: (Firefox, 104.228.117.212) --> New edge: (104.228.117.212, Firefox)
Created a new node: 29 connected with home/admin/profile
