Removed node: /proc/*
Removed edge: (profile, /var/log/mail)
Removed edge: (profile, home/admin/profile)
Changed direction of edge. Previous edge: (Firefox, clean) --> New edge: (clean, Firefox)
Removed edge: (profile2, /var/log/wdev)
Changed direction of edge. Previous edge: (gtcache, /var/log/wdev) --> New edge: (/var/log/wdev, gtcache)
Created a new node: 22 connected with /var/log/wdev
Removed edge: (clean, Firefox)
Removed node: profile2
Created a new node: 23 connected with 22
Created a new node: 24 connected with gtcache
Removed node: 104.228.117.212
Removed edge: (clean, clean)
Created a new node: 25 connected with 23
Created a new edge: (25,Firefox)
Removed edge: (profile, profile)
Removed edge: (23, 25)
Removed node: Firefox
Removed node: /etc/passwd
Changed direction of edge. Previous edge: (clean, home/admin/clean) --> New edge: (home/admin/clean, clean)
