Removed node: 161.116.88.72
Removed edge: (/etc/passwd, gtcache)
Created a new node: 22 connected with home/admin/clean
Removed node: /dev/glx_alsa_675
Created a new edge: (/var/log/xdev,22)
Removed node: 149.52.198.23
Created a new edge: (mail,22)
Changed direction of edge. Previous edge: (home/admin/clean, 22) --> New edge: (22, home/admin/clean)
Removed node: /bin/dash
Created a new edge: (22,/proc/*)
Created a new node: 20 connected with clean
Created a new node: 21 connected with home/admin/profile
Created a new edge: (20,146.153.68.151)
Changed direction of edge. Previous edge: (gtcache, /var/log/wdev) --> New edge: (/var/log/wdev, gtcache)
Removed node: /proc/*
Created a new node: 23 connected with Firefox
Removed edge: (Firefox, 23)
Created a new edge: (home/admin/clean,/etc/passwd)
Created a new edge: (profile2,gtcache)
Created a new node: 24 connected with gtcache
