Changed direction of edge. Previous edge: (gtcache, /proc/*) --> New edge: (/proc/*, gtcache)
Removed edge: (/etc/passwd, gtcache)
Removed node: 104.228.117.212
Changed direction of edge. Previous edge: (gtcache, /tmp/memtrace.so) --> New edge: (/tmp/memtrace.so, gtcache)
Created a new node: 22 connected with Firefox
Removed edge: (profile2, /var/log/xdev)
Changed direction of edge. Previous edge: (profile, home/admin/profile) --> New edge: (home/admin/profile, profile)
Created a new edge: (gtcache,home/admin/clean)
Created a new edge: (profile,146.153.68.151)
Removed edge: (gtcache, /dev/glx_alsa_675)
Created a new node: 23 connected with /etc/passwd
Removed node: Firefox
Changed direction of edge. Previous edge: (gtcache, home/admin/clean) --> New edge: (home/admin/clean, gtcache)
Removed node: profile2
Removed edge: (/proc/*, gtcache)
Removed node: /var/log/wdev
Removed node: /etc/passwd
Removed node: 146.153.68.151
Created a new edge: (/bin/dash,gtcache)
Created a new edge: (/dev/glx_alsa_675,/var/log/mail)
