Created a new node: 23 connected with clean
Created a new node: 24 connected with home/admin/profile
Created a new node: 25 connected with 24
Created a new edge: (mail,/proc/*)
Removed node: 23
Removed node: /dev/glx_alsa_675
Removed edge: (Firefox, home/admin/profile)
Created a new edge: (home/admin/profile,/var/log/wdev)
Created a new edge: (profile2,149.52.198.23)
Created a new node: 26 connected with 25
Changed direction of edge. Previous edge: (25, 26) --> New edge: (26, 25)
Removed node: /proc/*
Created a new edge: (141.43.176.203,mail)
Removed edge: (gtcache, /var/log/xdev)
Created a new edge: (profile2,/bin/dash)
Created a new node: 27 connected with home/admin/clean
Removed node: clean
Removed edge: (profile, profile2)
Removed edge: (Firefox, home/admin/clean)
Created a new edge: (/tmp/memtrace.so,home/admin/clean)
Created a new node: 28 connected with /tmp/memtrace.so
Created a new node: 29 connected with 161.116.88.72
Removed edge: (profile, 161.116.88.72)
Removed edge: (gtcache, /tmp/memtrace.so)
Removed node: 146.153.68.151
Created a new node: 30 connected with 27
Removed edge: (mail, /var/log/mail)
Created a new edge: (Firefox,home/admin/profile)
Changed direction of edge. Previous edge: (profile2, /var/log/wdev) --> New edge: (/var/log/wdev, profile2)
