Removed node: gtcache
Removed node: 161.116.88.72
Created a new edge: (/var/log/mail,profile)
Removed node: 146.153.68.151
Created a new node: 20 connected with /bin/dash
Removed edge: (profile, profile2)
Removed edge: (Firefox, 141.43.176.203)
Removed node: /proc/*
Created a new edge: (Firefox,149.52.198.23)
Created a new node: 21 connected with home/admin/clean
Removed edge: (profile2, /var/log/wdev)
Created a new node: 22 connected with Firefox
Removed node: 149.52.198.23
Removed edge: (Firefox, home/admin/profile)
Removed edge: (mail, /var/log/mail)
Changed direction of edge. Previous edge: (/var/log/mail, profile) --> New edge: (profile, /var/log/mail)
Changed direction of edge. Previous edge: (home/admin/clean, 21) --> New edge: (21, home/admin/clean)
Removed edge: (/bin/dash, 20)
Created a new edge: (22,/bin/dash)
Created a new edge: (home/admin/profile,/tmp/memtrace.so)
Removed node: /var/log/mail
Removed edge: (home/admin/profile, /tmp/memtrace.so)
Removed node: /var/log/xdev
Changed direction of edge. Previous edge: (22, /bin/dash) --> New edge: (/bin/dash, 22)
Removed node: /bin/dash
Created a new node: 18 connected with home/admin/profile
Removed edge: (Firefox, /dev/glx_alsa_675)
Created a new node: 19 connected with /var/log/wdev
Created a new edge: (home/admin/clean,21)
Removed edge: (profile, home/admin/profile)
Created a new edge: (141.43.176.203,/etc/passwd)
Changed direction of edge. Previous edge: (home/admin/clean, 21) --> New edge: (21, home/admin/clean)
Removed node: home/admin/clean
Created a new edge: (/dev/glx_alsa_675,19)
Created a new node: 23 connected with /etc/passwd
Created a new node: 24 connected with Firefox
Created a new edge: (20,104.228.117.212)
Changed direction of edge. Previous edge: (/etc/passwd, 23) --> New edge: (23, /etc/passwd)
Changed direction of edge. Previous edge: (/dev/glx_alsa_675, 19) --> New edge: (19, /dev/glx_alsa_675)
Changed direction of edge. Previous edge: (profile, profile) --> New edge: (profile, profile)
Created a new node: 25 connected with 18
Created a new node: 26 connected with 25
Created a new edge: (18,21)
Changed direction of edge. Previous edge: (home/admin/profile, 18) --> New edge: (18, home/admin/profile)
Created a new node: 27 connected with Firefox
Removed node: 26
