Removed edge: (profile, profile2)
Removed node: mail
Created a new node: 22 connected with /proc/*
Created a new edge: (/etc/passwd,22)
Removed edge: (gtcache, /var/log/xdev)
Removed node: 104.228.117.212
Changed direction of edge. Previous edge: (profile, /var/log/mail) --> New edge: (/var/log/mail, profile)
Removed node: 141.43.176.203
Created a new node: 21 connected with /var/log/mail
Removed edge: (Firefox, home/admin/profile)
Removed node: home/admin/clean
Created a new edge: (home/admin/profile,161.116.88.72)
Removed edge: (gtcache, /proc/*)
Removed edge: (profile, home/admin/profile)
Created a new edge: (/var/log/wdev,profile2)
Created a new node: 23 connected with /var/log/mail
Created a new node: 24 connected with 127.0.0.1
Removed edge: (161.116.88.72, profile)
Changed direction of edge. Previous edge: (profile, profile) --> New edge: (profile, profile)
Created a new node: 25 connected with /tmp/memtrace.so
Created a new node: 26 connected with 24
Removed node: home/admin/profile
Removed node: gtcache
Removed node: profile
Created a new node: 27 connected with /dev/glx_alsa_675
Created a new node: 28 connected with 21
Changed direction of edge. Previous edge: (Firefox, 146.153.68.151) --> New edge: (146.153.68.151, Firefox)
Created a new edge: (25,Firefox)
Changed direction of edge. Previous edge: (/etc/passwd, clean) --> New edge: (clean, /etc/passwd)
Created a new node: 29 connected with clean
Removed edge: (/etc/passwd, 22)
Changed direction of edge. Previous edge: (127.0.0.1, 24) --> New edge: (24, 127.0.0.1)
Created a new node: 30 connected with /proc/*
Changed direction of edge. Previous edge: (/proc/*, 30) --> New edge: (30, /proc/*)
Created a new node: 31 connected with 27
Created a new node: 32 connected with /dev/glx_alsa_675
Created a new edge: (/proc/*,21)
Removed node: clean
Removed node: /var/log/xdev
Changed direction of edge. Previous edge: (/proc/*, 22) --> New edge: (22, /proc/*)
Changed direction of edge. Previous edge: (/dev/glx_alsa_675, 27) --> New edge: (27, /dev/glx_alsa_675)
Removed edge: (/var/log/wdev, profile2)
Created a new node: 33 connected with /dev/glx_alsa_675
Removed edge: (22, /proc/*)
Removed edge: (/dev/glx_alsa_675, 33)
Created a new node: 34 connected with 30
