Created a new node: 23 connected with 141.43.176.203
Created a new node: 24 connected with /tmp/memtrace.so
Changed direction of edge. Previous edge: (Firefox, home/admin/profile) --> New edge: (home/admin/profile, Firefox)
Removed edge: (home/admin/profile, Firefox)
Removed node: /bin/dash
Removed edge: (/etc/passwd, clean)
Created a new node: 25 connected with profile
Removed node: home/admin/profile
Removed node: 141.43.176.203
Created a new node: 26 connected with /var/log/mail
Created a new edge: (104.228.117.212,/etc/passwd)
Created a new edge: (profile2,/dev/glx_alsa_675)
Created a new node: 27 connected with /tmp/memtrace.so
Changed direction of edge. Previous edge: (profile2, /dev/glx_alsa_675) --> New edge: (/dev/glx_alsa_675, profile2)
Removed edge: (Firefox, /dev/glx_alsa_675)
Created a new edge: (profile,/proc/*)
Removed edge: (gtcache, /var/log/xdev)
Created a new edge: (profile,23)
Removed edge: (profile, profile)
Removed edge: (profile, /proc/*)
Changed direction of edge. Previous edge: (profile, 25) --> New edge: (25, profile)
Removed edge: (161.116.88.72, clean)
Created a new node: 28 connected with /proc/*
Removed node: 25
