Created a new node: 23 connected with /bin/dash
Changed direction of edge. Previous edge: (gtcache, /tmp/memtrace.so) --> New edge: (/tmp/memtrace.so, gtcache)
Created a new edge: (profile2,profile)
Removed edge: (gtcache, 127.0.0.1)
Removed node: 161.116.88.72
Created a new edge: (/proc/*,Firefox)
Removed edge: (Firefox, /dev/glx_alsa_675)
Removed edge: (clean, home/admin/clean)
Created a new edge: (/dev/glx_alsa_675,gtcache)
Created a new node: 24 connected with /var/log/xdev
Removed edge: (gtcache, /var/log/wdev)
Removed node: Firefox
Changed direction of edge. Previous edge: (gtcache, /dev/glx_alsa_675) --> New edge: (/dev/glx_alsa_675, gtcache)
Changed direction of edge. Previous edge: (profile, profile) --> New edge: (profile, profile)
Created a new edge: (profile2,141.43.176.203)
Removed node: profile2
Changed direction of edge. Previous edge: (profile, home/admin/profile) --> New edge: (home/admin/profile, profile)
Changed direction of edge. Previous edge: (home/admin/profile, profile) --> New edge: (profile, home/admin/profile)
Removed edge: (gtcache, /proc/*)
Removed edge: (/etc/passwd, clean)
Removed node: mail
Created a new edge: (/var/log/mail,clean)
Created a new edge: (profile,127.0.0.1)
Removed node: 24
Created a new edge: (home/admin/profile,/tmp/memtrace.so)
Changed direction of edge. Previous edge: (home/admin/profile, /tmp/memtrace.so) --> New edge: (/tmp/memtrace.so, home/admin/profile)
Changed direction of edge. Previous edge: (/dev/glx_alsa_675, gtcache) --> New edge: (gtcache, /dev/glx_alsa_675)
Removed edge: (/etc/passwd, gtcache)
Removed node: profile
Removed edge: (gtcache, /var/log/xdev)
Changed direction of edge. Previous edge: (clean, clean) --> New edge: (clean, clean)
Created a new node: 19 connected with 23
Removed edge: (clean, clean)
Changed direction of edge. Previous edge: (/var/log/mail, clean) --> New edge: (clean, /var/log/mail)
Created a new node: 20 connected with /var/log/wdev
Removed edge: (/tmp/memtrace.so, home/admin/profile)
Created a new node: 21 connected with gtcache
Created a new edge: (127.0.0.1,gtcache)
