Created a new node: 23 connected with 104.228.117.212
Created a new edge: (clean,/var/log/wdev)
Created a new node: 24 connected with /var/log/wdev
Removed node: gtcache
Removed node: 127.0.0.1
Created a new node: 25 connected with /bin/dash
Created a new node: 26 connected with mail
Changed direction of edge. Previous edge: (profile2, /var/log/wdev) --> New edge: (/var/log/wdev, profile2)
Created a new node: 27 connected with 26
Created a new edge: (Firefox,23)
Removed edge: (Firefox, 23)
Removed edge: (/var/log/wdev, profile2)
Created a new edge: (profile,25)
Removed edge: (mail, 26)
Changed direction of edge. Previous edge: (Firefox, 104.228.117.212) --> New edge: (104.228.117.212, Firefox)
Created a new edge: (/tmp/memtrace.so,23)
Created a new node: 28 connected with /tmp/memtrace.so
Removed edge: (clean, clean)
Removed node: /dev/glx_alsa_675
Removed edge: (profile2, /var/log/xdev)
Created a new edge: (/bin/dash,26)
Created a new node: 29 connected with mail
Created a new edge: (104.228.117.212,/var/log/mail)
Removed edge: (/tmp/memtrace.so, 23)
Removed node: 149.52.198.23
Removed edge: (profile, /var/log/mail)
Removed edge: (profile, profile)
Created a new edge: (23,profile)
Created a new node: 30 connected with clean
Removed node: 30
Changed direction of edge. Previous edge: (profile, profile2) --> New edge: (profile2, profile)
Removed edge: (/tmp/memtrace.so, 28)
Removed node: 161.116.88.72
Created a new node: 30 connected with profile
Removed node: 26
Created a new edge: (29,23)
Changed direction of edge. Previous edge: (Firefox, clean) --> New edge: (clean, Firefox)
Removed edge: (profile, 25)
