Created a new edge: (/dev/glx_alsa_675,/etc/passwd)
Removed node: clean
Changed direction of edge. Previous edge: (profile, profile) --> New edge: (profile, profile)
Removed edge: (Firefox, home/admin/profile)
Changed direction of edge. Previous edge: (/etc/passwd, gtcache) --> New edge: (gtcache, /etc/passwd)
Changed direction of edge. Previous edge: (gtcache, /tmp/memtrace.so) --> New edge: (/tmp/memtrace.so, gtcache)
Created a new edge: (/var/log/wdev,/etc/passwd)
Removed edge: (/var/log/wdev, /etc/passwd)
Created a new edge: (146.153.68.151,/var/log/wdev)
Removed edge: (profile, 161.116.88.72)
Created a new node: 22 connected with /var/log/xdev
Created a new node: 23 connected with home/admin/clean
Removed node: 141.43.176.203
Removed node: /var/log/mail
Removed node: /tmp/memtrace.so
Removed edge: (profile, profile)
Created a new edge: (Firefox,22)
Removed edge: (gtcache, /proc/*)
Created a new node: 21 connected with gtcache
Created a new node: 24 connected with /proc/*
Removed edge: (gtcache, /var/log/xdev)
Removed edge: (profile2, /var/log/wdev)
Created a new node: 25 connected with home/admin/clean
