Created a new node: 23 connected with /etc/passwd
Created a new node: 24 connected with /bin/dash
Changed direction of edge. Previous edge: (gtcache, /tmp/memtrace.so) --> New edge: (/tmp/memtrace.so, gtcache)
Created a new node: 25 connected with 24
Removed node: 25
Created a new edge: (mail,profile)
Removed edge: (mail, 149.52.198.23)
Created a new edge: (23,/var/log/mail)
Removed node: 24
Removed edge: (146.153.68.151, /bin/dash)
Created a new node: 24 connected with 104.228.117.212
Removed edge: (clean, home/admin/clean)
Created a new node: 25 connected with home/admin/clean
Removed node: gtcache
Created a new node: 26 connected with mail
Created a new node: 27 connected with /proc/*
Created a new node: 28 connected with /etc/passwd
Created a new node: 29 connected with /tmp/memtrace.so
Removed edge: (Firefox, home/admin/clean)
Removed edge: (profile, profile)
Created a new node: 30 connected with /var/log/wdev
Created a new edge: (/var/log/wdev,profile2)
Removed edge: (161.116.88.72, clean)
