Created a new node: 23 connected with profile
Changed direction of edge. Previous edge: (gtcache, /dev/glx_alsa_675) --> New edge: (/dev/glx_alsa_675, gtcache)
Created a new node: 24 connected with /bin/dash
Created a new node: 25 connected with profile
Created a new edge: (/proc/*,home/admin/profile)
Removed edge: (profile, /var/log/mail)
Removed edge: (profile2, /var/log/wdev)
Created a new node: 26 connected with 161.116.88.72
Removed edge: (/dev/glx_alsa_675, gtcache)
Created a new edge: (141.43.176.203,/var/log/wdev)
Removed edge: (mail, /var/log/mail)
Changed direction of edge. Previous edge: (gtcache, /proc/*) --> New edge: (/proc/*, gtcache)
Removed edge: (Firefox, /dev/glx_alsa_675)
Removed node: /etc/passwd
Changed direction of edge. Previous edge: (profile, home/admin/profile) --> New edge: (home/admin/profile, profile)
Removed edge: (gtcache, /var/log/wdev)
Created a new node: 27 connected with /var/log/wdev
Created a new node: 28 connected with /proc/*
Changed direction of edge. Previous edge: (Firefox, clean) --> New edge: (clean, Firefox)
Removed node: /bin/dash
Changed direction of edge. Previous edge: (/var/log/wdev, 27) --> New edge: (27, /var/log/wdev)
Changed direction of edge. Previous edge: (161.116.88.72, 26) --> New edge: (26, 161.116.88.72)
Created a new node: 29 connected with /var/log/wdev
