Changed direction of edge. Previous edge: (profile2, /var/log/wdev) --> New edge: (/var/log/wdev, profile2)
Created a new node: 23 connected with /etc/passwd
Changed direction of edge. Previous edge: (profile, /var/log/mail) --> New edge: (/var/log/mail, profile)
Created a new node: 24 connected with home/admin/clean
Created a new node: 25 connected with /var/log/mail
Created a new node: 26 connected with /var/log/xdev
Removed node: profile
Removed edge: (/etc/passwd, 23)
Created a new edge: (141.43.176.203,/var/log/xdev)
Removed node: /etc/passwd
Created a new node: 27 connected with /dev/glx_alsa_675
Removed edge: (gtcache, /var/log/xdev)
Created a new edge: (/var/log/mail,clean)
Created a new node: 28 connected with profile2
Created a new node: 29 connected with gtcache
Removed node: Firefox
Removed edge: (clean, 161.116.88.72)
Created a new node: 30 connected with 29
Changed direction of edge. Previous edge: (gtcache, /tmp/memtrace.so) --> New edge: (/tmp/memtrace.so, gtcache)
Removed node: mail
Removed node: 141.43.176.203
Created a new node: 31 connected with 29
Created a new node: 32 connected with 146.153.68.151
