Created a new node: 23 connected with /tmp/memtrace.so
Created a new edge: (141.43.176.203,Firefox)
Created a new edge: (146.153.68.151,/var/log/xdev)
Created a new edge: (clean,127.0.0.1)
Removed node: 161.116.88.72
Created a new node: 24 connected with gtcache
Removed node: profile2
Changed direction of edge. Previous edge: (mail, /var/log/mail) --> New edge: (/var/log/mail, mail)
Created a new node: 25 connected with /tmp/memtrace.so
Changed direction of edge. Previous edge: (/tmp/memtrace.so, 23) --> New edge: (23, /tmp/memtrace.so)
Created a new node: 26 connected with mail
Created a new node: 27 connected with 24
Created a new node: 28 connected with home/admin/profile
Changed direction of edge. Previous edge: (home/admin/profile, 28) --> New edge: (28, home/admin/profile)
Removed edge: (gtcache, /proc/*)
Removed edge: (Firefox, 146.153.68.151)
Removed edge: (/etc/passwd, clean)
Removed node: 104.228.117.212
Removed edge: (24, 27)
Removed edge: (gtcache, /var/log/xdev)
Created a new edge: (27,25)
Removed node: home/admin/profile
Removed node: 25
Removed node: profile
Removed edge: (gtcache, 24)
Created a new edge: (26,clean)
Removed node: mail
Created a new edge: (/var/log/wdev,24)
Removed node: Firefox
Changed direction of edge. Previous edge: (23, /tmp/memtrace.so) --> New edge: (/tmp/memtrace.so, 23)
Removed edge: (/tmp/memtrace.so, 23)
Created a new edge: (/var/log/wdev,28)
Created a new node: 21 connected with 28
Removed node: /dev/glx_alsa_675
Created a new edge: (/var/log/xdev,141.43.176.203)
Created a new node: 22 connected with 28
Removed node: 27
Created a new edge: (/tmp/memtrace.so,22)
Created a new node: 25 connected with clean
