Removed edge: (146.153.68.151, /bin/dash)
Removed edge: (profile, /var/log/mail)
Removed edge: (161.116.88.72, profile)
Changed direction of edge. Previous edge: (gtcache, /tmp/memtrace.so) --> New edge: (/tmp/memtrace.so, gtcache)
Removed edge: (mail, /var/log/mail)
Removed edge: (clean, home/admin/clean)
Created a new edge: (gtcache,home/admin/profile)
Removed edge: (/tmp/memtrace.so, gtcache)
Removed edge: (Firefox, home/admin/clean)
Created a new edge: (profile,clean)
Created a new node: 23 connected with Firefox
Removed node: /etc/passwd
Removed node: profile
Removed edge: (profile2, /var/log/xdev)
Removed edge: (Firefox, 23)
Created a new node: 22 connected with /var/log/xdev
Created a new edge: (clean,home/admin/clean)
Changed direction of edge. Previous edge: (Firefox, /dev/glx_alsa_675) --> New edge: (/dev/glx_alsa_675, Firefox)
Removed node: 23
Removed node: 104.228.117.212
Created a new edge: (/proc/*,gtcache)
Created a new node: 21 connected with 127.0.0.1
Created a new node: 23 connected with /dev/glx_alsa_675
Removed edge: (127.0.0.1, 21)
Removed edge: (/dev/glx_alsa_675, Firefox)
Removed edge: (161.116.88.72, clean)
Created a new node: 24 connected with gtcache
Removed edge: (/dev/glx_alsa_675, 23)
Changed direction of edge. Previous edge: (gtcache, /var/log/xdev) --> New edge: (/var/log/xdev, gtcache)
Removed edge: (/var/log/xdev, gtcache)
Created a new node: 25 connected with /proc/*
Created a new edge: (23,/tmp/memtrace.so)
Removed edge: (clean, home/admin/clean)
Created a new node: 26 connected with clean
Removed edge: (gtcache, /proc/*)
