Removed edge: (profile, /var/log/mail)
Removed edge: (Firefox, 146.153.68.151)
Created a new edge: (/var/log/wdev,mail)
Created a new edge: (mail,/proc/*)
Removed edge: (/etc/passwd, clean)
Created a new node: 23 connected with home/admin/clean
Removed edge: (mail, /var/log/mail)
Created a new edge: (profile,/dev/glx_alsa_675)
Created a new node: 24 connected with mail
Created a new edge: (Firefox,profile2)
Created a new node: 25 connected with /var/log/mail
Removed edge: (profile2, /var/log/xdev)
Removed edge: (Firefox, home/admin/profile)
Changed direction of edge. Previous edge: (/etc/passwd, gtcache) --> New edge: (gtcache, /etc/passwd)
Created a new edge: (/bin/dash,home/admin/profile)
Removed node: 146.153.68.151
Created a new edge: (/proc/*,/var/log/wdev)
Created a new node: 26 connected with clean
Created a new edge: (23,25)
Removed edge: (clean, clean)
Removed node: /proc/*
Created a new node: 27 connected with /dev/glx_alsa_675
Changed direction of edge. Previous edge: (161.116.88.72, profile) --> New edge: (profile, 161.116.88.72)
Removed node: /var/log/wdev
Changed direction of edge. Previous edge: (clean, 26) --> New edge: (26, clean)
Removed node: gtcache
Changed direction of edge. Previous edge: (profile, /dev/glx_alsa_675) --> New edge: (/dev/glx_alsa_675, profile)
Removed edge: (profile, home/admin/profile)
