Created a new edge: (clean,/var/log/xdev)
Created a new node: 23 connected with profile
Created a new node: 24 connected with gtcache
Created a new edge: (clean,/etc/passwd)
Created a new edge: (127.0.0.1,24)
Created a new edge: (/etc/passwd,/var/log/mail)
Created a new node: 25 connected with gtcache
Created a new node: 26 connected with gtcache
Removed node: /var/log/xdev
Changed direction of edge. Previous edge: (profile, /var/log/mail) --> New edge: (/var/log/mail, profile)
Created a new edge: (profile,141.43.176.203)
Changed direction of edge. Previous edge: (gtcache, 25) --> New edge: (25, gtcache)
Changed direction of edge. Previous edge: (gtcache, /tmp/memtrace.so) --> New edge: (/tmp/memtrace.so, gtcache)
Changed direction of edge. Previous edge: (Firefox, /dev/glx_alsa_675) --> New edge: (/dev/glx_alsa_675, Firefox)
Removed edge: (146.153.68.151, /bin/dash)
Removed edge: (/dev/glx_alsa_675, Firefox)
Created a new edge: (24,/bin/dash)
Changed direction of edge. Previous edge: (Firefox, home/admin/clean) --> New edge: (home/admin/clean, Firefox)
Created a new node: 27 connected with Firefox
Removed node: gtcache
Created a new edge: (/var/log/mail,/proc/*)
Removed edge: (mail, 149.52.198.23)
Created a new node: 28 connected with /dev/glx_alsa_675
Removed edge: (mail, /var/log/mail)
Created a new node: 29 connected with 104.228.117.212
Changed direction of edge. Previous edge: (Firefox, home/admin/profile) --> New edge: (home/admin/profile, Firefox)
Created a new node: 30 connected with 27
Created a new edge: (/var/log/wdev,29)
