Removed node: profile
Created a new node: 22 connected with home/admin/profile
Created a new node: 23 connected with 104.228.117.212
Removed node: 22
Removed node: /dev/glx_alsa_675
Created a new edge: (/tmp/memtrace.so,Firefox)
Removed node: /var/log/xdev
Removed node: 141.43.176.203
Removed node: 146.153.68.151
Removed edge: (gtcache, /var/log/wdev)
Created a new node: 19 connected with 104.228.117.212
Created a new node: 20 connected with /var/log/mail
Created a new node: 21 connected with 149.52.198.23
Created a new node: 22 connected with /var/log/mail
Created a new node: 24 connected with 20
Created a new node: 25 connected with /etc/passwd
Removed edge: (/var/log/mail, 20)
Removed edge: (gtcache, /tmp/memtrace.so)
Created a new node: 26 connected with home/admin/profile
Created a new edge: (/proc/*,24)
Removed node: /var/log/wdev
Created a new edge: (/proc/*,/var/log/mail)
Created a new node: 27 connected with home/admin/profile
Removed edge: (gtcache, /proc/*)
Removed node: /etc/passwd
Created a new edge: (/proc/*,profile2)
Removed edge: (20, 24)
Created a new node: 28 connected with 27
