Removed node: clean
Created a new edge: (104.228.117.212,/proc/*)
Removed node: /tmp/memtrace.so
Created a new node: 24 connected with fluxbox
Changed direction of edge. Previous edge: (group, gtcache) --> New edge: (gtcache, group)
Removed node: /var/log/wdev
Changed direction of edge. Previous edge: (/proc/*, gtcache) --> New edge: (gtcache, /proc/*)
Removed node: /proc/*
Removed node: 127.0.0.1
Removed node: 161.116.88.72
Created a new edge: (home/admin/clean,/etc/passwd)
Created a new edge: (crashreporter,home/admin/profile)
Changed direction of edge. Previous edge: (gtcache, /var/log/xdev) --> New edge: (/var/log/xdev, gtcache)
Changed direction of edge. Previous edge: (profile, profile) --> New edge: (profile, profile)
Removed edge: (profile, /var/log/mail)
Created a new node: 21 connected with crashreporter
Removed node: group
Removed node: /bin/dash
Created a new edge: (/etc/passwd,24)
Removed edge: (crashreporter, home/admin/profile)
