Changed direction of edge. Previous edge: (group, gtcache) --> New edge: (gtcache, group)
Changed direction of edge. Previous edge: (profile, home/admin/profile) --> New edge: (home/admin/profile, profile)
Removed node: group
Created a new node: 25 connected with /proc/*
Removed node: 25
Created a new node: 25 connected with mail
Changed direction of edge. Previous edge: (home/admin/profile, profile) --> New edge: (profile, home/admin/profile)
Removed node: crashreporter
Created a new node: 26 connected with profile2
Removed node: /dev/glx_alsa_675
Removed node: mail
Created a new node: 24 connected with profile2
Removed node: profile2
Changed direction of edge. Previous edge: (gtcache, /proc/*) --> New edge: (/proc/*, gtcache)
Changed direction of edge. Previous edge: (profile, /var/log/mail) --> New edge: (/var/log/mail, profile)
Created a new edge: (gtcache,26)
Removed edge: (/var/log/mail, profile)
Created a new node: 27 connected with /var/log/wdev
Removed edge: (gtcache, 146.153.68.151)
Changed direction of edge. Previous edge: (gtcache, /tmp/memtrace.so) --> New edge: (/tmp/memtrace.so, gtcache)
