Created a new node: 26 connected with /etc/passwd
Changed direction of edge. Previous edge: (profile, profile2) --> New edge: (profile2, profile)
Removed node: /var/log/mail
Removed node: crashreporter
Changed direction of edge. Previous edge: (Firefox, clean) --> New edge: (clean, Firefox)
Created a new node: 25 connected with home/admin/profile
Removed edge: (gtcache, 146.153.68.151)
Removed node: /tmp/memtrace.so
Created a new node: 27 connected with clean
Created a new edge: (mail,27)
Created a new edge: (home/admin/profile,/proc/*)
Removed node: /bin/dash
Created a new node: 28 connected with /var/log/xdev
Changed direction of edge. Previous edge: (/etc/passwd, clean) --> New edge: (clean, /etc/passwd)
Removed edge: (home/admin/profile, 25)
Removed node: 149.52.198.23
Removed edge: (/var/log/xdev, 28)
Removed edge: (Firefox, 104.228.117.212)
Removed edge: (gtcache, /var/log/wdev)
Created a new node: 29 connected with clean
