Created a new node: 26 connected with /var/log/wdev
Created a new node: 27 connected with gtcache
Removed edge: (/proc/*, gtcache)
Removed node: 127.0.0.1
Created a new node: 28 connected with 27
Removed edge: (141.43.176.203, Firefox)
Created a new edge: (profile,mail)
Created a new node: 29 connected with crashreporter
Created a new edge: (gtcache,104.228.117.212)
Created a new node: 30 connected with mail
Removed edge: (27, 28)
Created a new edge: (Firefox,gtcache)
Created a new node: 31 connected with 26
Changed direction of edge. Previous edge: (gtcache, /var/log/wdev) --> New edge: (/var/log/wdev, gtcache)
Removed edge: (group, gtcache)
Removed node: home/admin/profile
Removed edge: (gtcache, /var/log/xdev)
Created a new edge: (/bin/dash,gtcache)
Removed node: 31
Removed node: 30
