Created a new edge: (/var/log/xdev,/proc/*)
Removed edge: (Firefox, home/admin/profile)
Removed edge: (/etc/passwd, clean)
Removed edge: (gtcache, 146.153.68.151)
Created a new node: 26 connected with fluxbox
Created a new node: 27 connected with /tmp/memtrace.so
Changed direction of edge. Previous edge: (Firefox, /dev/glx_alsa_675) --> New edge: (/dev/glx_alsa_675, Firefox)
Created a new edge: (crashreporter,Firefox)
Removed edge: (clean, clean)
Created a new edge: (/bin/dash,27)
Removed edge: (gtcache, /var/log/wdev)
Changed direction of edge. Previous edge: (gtcache, /dev/glx_alsa_675) --> New edge: (/dev/glx_alsa_675, gtcache)
Removed node: clean
Removed edge: (profile, /var/log/mail)
Created a new node: 28 connected with gtcache
Changed direction of edge. Previous edge: (mail, /var/log/mail) --> New edge: (/var/log/mail, mail)
Created a new edge: (/var/log/mail,group)
Created a new node: 29 connected with 27
Created a new edge: (gtcache,/dev/glx_alsa_675)
Changed direction of edge. Previous edge: (gtcache, /var/log/xdev) --> New edge: (/var/log/xdev, gtcache)
