Created a new node: 26 connected with /bin/dash
Changed direction of edge. Previous edge: (profile2, /var/log/xdev) --> New edge: (/var/log/xdev, profile2)
Created a new node: 27 connected with 149.52.198.23
Removed edge: (clean, 161.116.88.72)
Created a new node: 28 connected with home/admin/clean
Changed direction of edge. Previous edge: (/bin/dash, 26) --> New edge: (26, /bin/dash)
Created a new edge: (home/admin/profile,/bin/dash)
Created a new node: 29 connected with group
Removed edge: (gtcache, /var/log/xdev)
Created a new edge: (clean,27)
Changed direction of edge. Previous edge: (Firefox, home/admin/clean) --> New edge: (home/admin/clean, Firefox)
Created a new edge: (/proc/*,/var/log/wdev)
Created a new node: 30 connected with 28
Removed edge: (fluxbox, /dev/glx_alsa_675)
Removed node: /proc/*
Removed node: 29
Removed edge: (Firefox, home/admin/profile)
Created a new node: 29 connected with /dev/glx_alsa_675
Created a new node: 31 connected with clean
Removed node: 161.116.88.72
