Created a new node: 23 connected with /tmp/memtrace.so
Changed direction of edge. Previous edge: (gtcache, /var/log/xdev) --> New edge: (/var/log/xdev, gtcache)
Created a new edge: (/var/log/xdev,Firefox)
Changed direction of edge. Previous edge: (gtcache, /tmp/memtrace.so) --> New edge: (/tmp/memtrace.so, gtcache)
Removed edge: (gtcache, 146.153.68.151)
Removed edge: (profile, profile)
Removed edge: (mail, 149.52.198.23)
Removed node: /proc/*
Changed direction of edge. Previous edge: (/var/log/xdev, Firefox) --> New edge: (Firefox, /var/log/xdev)
Created a new node: 24 connected with 146.153.68.151
Changed direction of edge. Previous edge: (profile, profile2) --> New edge: (profile2, profile)
Removed edge: (Firefox, home/admin/profile)
Removed node: /tmp/memtrace.so
Removed node: profile
Removed node: profile2
Created a new edge: (23,home/admin/clean)
Created a new edge: (home/admin/clean,23)
Changed direction of edge. Previous edge: (gtcache, /var/log/wdev) --> New edge: (/var/log/wdev, gtcache)
Removed node: clean
Created a new edge: (Firefox,home/admin/profile)
Created a new node: 20 connected with 127.0.0.1
Changed direction of edge. Previous edge: (/etc/passwd, gtcache) --> New edge: (gtcache, /etc/passwd)
Changed direction of edge. Previous edge: (/var/log/xdev, gtcache) --> New edge: (gtcache, /var/log/xdev)
Removed node: mail
Removed edge: (23, home/admin/clean)
Removed edge: (146.153.68.151, 24)
Created a new node: 21 connected with 24
Removed node: /bin/dash
Changed direction of edge. Previous edge: (home/admin/clean, 23) --> New edge: (23, home/admin/clean)
Changed direction of edge. Previous edge: (gtcache, /etc/passwd) --> New edge: (/etc/passwd, gtcache)
Removed edge: (24, 21)
Removed edge: (gtcache, /var/log/xdev)
Removed node: /var/log/mail
