Changed direction of edge. Previous edge: (gtcache, /dev/glx_alsa_675) --> New edge: (/dev/glx_alsa_675, gtcache)
Created a new node: 23 connected with gtcache
Changed direction of edge. Previous edge: (gtcache, /proc/*) --> New edge: (/proc/*, gtcache)
Created a new edge: (home/admin/profile,mail)
Created a new node: 24 connected with /var/log/xdev
Created a new edge: (/bin/dash,23)
Created a new node: 25 connected with /proc/*
Changed direction of edge. Previous edge: (profile2, /var/log/wdev) --> New edge: (/var/log/wdev, profile2)
Created a new edge: (/tmp/memtrace.so,23)
Created a new node: 26 connected with Firefox
Created a new node: 27 connected with /etc/passwd
Removed node: profile
Removed edge: (/etc/passwd, clean)
Created a new edge: (/proc/*,home/admin/clean)
Removed edge: (gtcache, 23)
Changed direction of edge. Previous edge: (home/admin/profile, mail) --> New edge: (mail, home/admin/profile)
Changed direction of edge. Previous edge: (mail, /var/log/mail) --> New edge: (/var/log/mail, mail)
Created a new node: 28 connected with home/admin/profile
Removed node: 25
Changed direction of edge. Previous edge: (profile2, /var/log/xdev) --> New edge: (/var/log/xdev, profile2)
Removed edge: (/var/log/mail, mail)
Created a new edge: (/var/log/mail,/dev/glx_alsa_675)
Removed node: /var/log/xdev
Removed edge: (gtcache, /var/log/wdev)
Changed direction of edge. Previous edge: (/var/log/mail, /dev/glx_alsa_675) --> New edge: (/dev/glx_alsa_675, /var/log/mail)
Removed edge: (home/admin/profile, 28)
Created a new edge: (161.116.88.72,mail)
Removed node: /proc/*
Created a new node: 25 connected with gtcache
Created a new node: 29 connected with /var/log/mail
Created a new edge: (mail,/tmp/memtrace.so)
Changed direction of edge. Previous edge: (gtcache, 25) --> New edge: (25, gtcache)
Changed direction of edge. Previous edge: (/tmp/memtrace.so, 23) --> New edge: (23, /tmp/memtrace.so)
Created a new edge: (clean,23)
