Changed direction of edge. Previous edge: (profile, profile) --> New edge: (profile, profile)
Created a new node: 23 connected with /var/log/xdev
Changed direction of edge. Previous edge: (/var/log/xdev, 23) --> New edge: (23, /var/log/xdev)
Changed direction of edge. Previous edge: (profile, profile) --> New edge: (profile, profile)
Changed direction of edge. Previous edge: (161.116.88.72, profile) --> New edge: (profile, 161.116.88.72)
Removed node: 23
Removed edge: (/etc/passwd, gtcache)
Created a new node: 23 connected with /dev/glx_alsa_675
Created a new node: 24 connected with profile
Created a new node: 25 connected with home/admin/clean
Created a new node: 26 connected with 146.153.68.151
Created a new edge: (Firefox,23)
Changed direction of edge. Previous edge: (Firefox, home/admin/clean) --> New edge: (home/admin/clean, Firefox)
Created a new node: 27 connected with /etc/passwd
Removed edge: (Firefox, clean)
Created a new node: 28 connected with /var/log/mail
Removed edge: (/etc/passwd, clean)
Removed edge: (profile, /var/log/mail)
Created a new edge: (/var/log/mail,26)
Created a new edge: (/tmp/memtrace.so,profile2)
Removed edge: (profile2, /var/log/xdev)
Created a new node: 29 connected with gtcache
Created a new node: 30 connected with /dev/glx_alsa_675
Changed direction of edge. Previous edge: (home/admin/clean, Firefox) --> New edge: (Firefox, home/admin/clean)
Created a new edge: (25,26)
Removed edge: (/etc/passwd, 27)
