Changed direction of edge. Previous edge: (gtcache, /var/log/wdev) --> New edge: (/var/log/wdev, gtcache)
Created a new node: 23 connected with 149.52.198.23
Removed node: 104.228.117.212
Created a new node: 24 connected with /etc/passwd
Changed direction of edge. Previous edge: (Firefox, home/admin/profile) --> New edge: (home/admin/profile, Firefox)
Created a new edge: (149.52.198.23,Firefox)
Created a new node: 25 connected with clean
Changed direction of edge. Previous edge: (clean, clean) --> New edge: (clean, clean)
Created a new node: 26 connected with gtcache
Removed node: /var/log/xdev
Created a new edge: (profile,26)
Removed node: profile2
Created a new edge: (/proc/*,Firefox)
Changed direction of edge. Previous edge: (profile, profile) --> New edge: (profile, profile)
Created a new edge: (127.0.0.1,/dev/glx_alsa_675)
Removed node: mail
Created a new edge: (/var/log/wdev,/etc/passwd)
Created a new edge: (/tmp/memtrace.so,/var/log/mail)
Created a new node: 27 connected with 24
Created a new edge: (home/admin/profile,/tmp/memtrace.so)
Created a new node: 28 connected with 26
