Removed node: /var/log/wdev
Created a new node: 22 connected with 161.116.88.72
Changed direction of edge. Previous edge: (Firefox, home/admin/profile) --> New edge: (home/admin/profile, Firefox)
Changed direction of edge. Previous edge: (gtcache, /proc/*) --> New edge: (/proc/*, gtcache)
Removed node: 127.0.0.1
Created a new node: 23 connected with clean
Created a new node: 24 connected with /tmp/memtrace.so
Removed node: 149.52.198.23
Created a new edge: (24,profile2)
Removed node: 161.116.88.72
Created a new node: 25 connected with home/admin/clean
Changed direction of edge. Previous edge: (home/admin/clean, 25) --> New edge: (25, home/admin/clean)
Created a new node: 26 connected with /bin/dash
Removed node: 22
Removed edge: (profile, profile)
Created a new edge: (profile2,/tmp/memtrace.so)
Created a new edge: (/dev/glx_alsa_675,/tmp/memtrace.so)
Created a new edge: (/var/log/xdev,/dev/glx_alsa_675)
Changed direction of edge. Previous edge: (home/admin/profile, Firefox) --> New edge: (Firefox, home/admin/profile)
Created a new node: 27 connected with 23
Created a new node: 28 connected with profile2
Created a new edge: (Firefox,/proc/*)
Created a new edge: (mail,26)
Changed direction of edge. Previous edge: (25, home/admin/clean) --> New edge: (home/admin/clean, 25)
Changed direction of edge. Previous edge: (gtcache, /dev/glx_alsa_675) --> New edge: (/dev/glx_alsa_675, gtcache)
Removed edge: (home/admin/clean, 25)
Removed node: /bin/dash
Removed node: home/admin/profile
Changed direction of edge. Previous edge: (Firefox, clean) --> New edge: (clean, Firefox)
Created a new node: 29 connected with 104.228.117.212
Removed edge: (profile2, /var/log/xdev)
Created a new node: 30 connected with /etc/passwd
Created a new edge: (29,Firefox)
Removed edge: (/dev/glx_alsa_675, gtcache)
Removed node: gtcache
Removed node: Firefox
Removed edge: (clean, clean)
Created a new edge: (29,104.228.117.212)
Removed node: 28
Removed edge: (clean, 23)
Changed direction of edge. Previous edge: (clean, home/admin/clean) --> New edge: (home/admin/clean, clean)
