Created a new node: 23 connected with profile
Changed direction of edge. Previous edge: (profile2, /var/log/xdev) --> New edge: (/var/log/xdev, profile2)
Created a new node: 24 connected with clean
Changed direction of edge. Previous edge: (gtcache, /tmp/memtrace.so) --> New edge: (/tmp/memtrace.so, gtcache)
Created a new node: 25 connected with profile
Created a new node: 26 connected with /dev/glx_alsa_675
Created a new edge: (/tmp/memtrace.so,Firefox)
Created a new edge: (home/admin/clean,/bin/dash)
Removed edge: (/var/log/xdev, profile2)
Removed edge: (Firefox, /dev/glx_alsa_675)
Created a new node: 27 connected with /proc/*
Changed direction of edge. Previous edge: (clean, home/admin/clean) --> New edge: (home/admin/clean, clean)
Removed node: 25
Removed edge: (gtcache, 146.153.68.151)
Created a new node: 28 connected with mail
Removed edge: (gtcache, /var/log/xdev)
Created a new node: 29 connected with 27
Changed direction of edge. Previous edge: (home/admin/clean, clean) --> New edge: (clean, home/admin/clean)
Changed direction of edge. Previous edge: (clean, 24) --> New edge: (24, clean)
Removed node: 141.43.176.203
Created a new node: 30 connected with /tmp/memtrace.so
Removed node: mail
Created a new edge: (104.228.117.212,/bin/dash)
Created a new edge: (profile,29)
Removed edge: (Firefox, home/admin/profile)
