Created a new edge: (/proc/*,/etc/passwd)
Created a new node: 23 connected with gtcache
Removed edge: (profile, home/admin/profile)
Removed node: 104.228.117.212
Created a new edge: (/bin/dash,Firefox)
Created a new edge: (home/admin/profile,/bin/dash)
Created a new node: 24 connected with home/admin/profile
Removed edge: (profile2, /var/log/wdev)
Removed edge: (Firefox, 146.153.68.151)
Created a new edge: (/tmp/memtrace.so,/var/log/wdev)
Created a new edge: (home/admin/profile,/tmp/memtrace.so)
Removed node: /var/log/wdev
Created a new edge: (/var/log/xdev,profile)
Removed node: /etc/passwd
Removed node: /dev/glx_alsa_675
Removed edge: (/bin/dash, Firefox)
Created a new node: 21 connected with 23
Removed node: 21
Removed node: clean
Removed edge: (home/admin/profile, /bin/dash)
Removed edge: (/var/log/xdev, profile)
Changed direction of edge. Previous edge: (gtcache, 23) --> New edge: (23, gtcache)
Removed edge: (gtcache, /tmp/memtrace.so)
Removed node: 141.43.176.203
Created a new edge: (24,profile2)
Removed node: /tmp/memtrace.so
Created a new node: 18 connected with /bin/dash
Created a new edge: (profile2,/proc/*)
Created a new node: 19 connected with home/admin/clean
Created a new edge: (home/admin/clean,23)
Created a new node: 20 connected with 127.0.0.1
Created a new edge: (20,mail)
Changed direction of edge. Previous edge: (profile2, /var/log/xdev) --> New edge: (/var/log/xdev, profile2)
Removed edge: (/bin/dash, 18)
Changed direction of edge. Previous edge: (profile, 161.116.88.72) --> New edge: (161.116.88.72, profile)
Created a new edge: (146.153.68.151,/proc/*)
Removed node: 20
Changed direction of edge. Previous edge: (home/admin/profile, 24) --> New edge: (24, home/admin/profile)
Created a new node: 20 connected with home/admin/profile
Changed direction of edge. Previous edge: (24, home/admin/profile) --> New edge: (home/admin/profile, 24)
Created a new node: 21 connected with profile
Created a new edge: (home/admin/profile,home/admin/clean)
Created a new node: 22 connected with profile2
